<?xml version="1.0" encoding="UTF-8"?>
<testsuite xmlns:xsi="http://www.w3.org/2001/XMLSchema-instance" xsi:noNamespaceSchemaLocation="https://maven.apache.org/surefire/maven-surefire-plugin/xsd/surefire-test-report.xsd" name="com.datastax.app.AppTest" time="0.027" tests="1" errors="0" skipped="0" failures="0">
  <properties>
    <property name="java.specification.version" value="14"/>
    <property name="sun.jnu.encoding" value="UTF-8"/>
    <property name="java.class.path" value="/Users/mohamad.thahir/WorkSoftware/DataStax/Astra/astra_full_demo/myApp/target/test-classes:/Users/mohamad.thahir/WorkSoftware/DataStax/Astra/astra_full_demo/myApp/target/classes:/Users/mohamad.thahir/.m2/repository/junit/junit/4.11/junit-4.11.jar:/Users/mohamad.thahir/.m2/repository/org/hamcrest/hamcrest-core/1.3/hamcrest-core-1.3.jar:/Users/mohamad.thahir/.m2/repository/com/datastax/oss/java-driver-core/4.6.0/java-driver-core-4.6.0.jar:/Users/mohamad.thahir/.m2/repository/com/datastax/oss/native-protocol/1.4.10/native-protocol-1.4.10.jar:/Users/mohamad.thahir/.m2/repository/io/netty/netty-handler/4.1.45.Final/netty-handler-4.1.45.Final.jar:/Users/mohamad.thahir/.m2/repository/io/netty/netty-common/4.1.45.Final/netty-common-4.1.45.Final.jar:/Users/mohamad.thahir/.m2/repository/io/netty/netty-buffer/4.1.45.Final/netty-buffer-4.1.45.Final.jar:/Users/mohamad.thahir/.m2/repository/io/netty/netty-transport/4.1.45.Final/netty-transport-4.1.45.Final.jar:/Users/mohamad.thahir/.m2/repository/io/netty/netty-resolver/4.1.45.Final/netty-resolver-4.1.45.Final.jar:/Users/mohamad.thahir/.m2/repository/io/netty/netty-codec/4.1.45.Final/netty-codec-4.1.45.Final.jar:/Users/mohamad.thahir/.m2/repository/com/datastax/oss/java-driver-shaded-guava/25.1-jre/java-driver-shaded-guava-25.1-jre.jar:/Users/mohamad.thahir/.m2/repository/com/typesafe/config/1.3.4/config-1.3.4.jar:/Users/mohamad.thahir/.m2/repository/com/github/jnr/jnr-posix/3.0.50/jnr-posix-3.0.50.jar:/Users/mohamad.thahir/.m2/repository/com/github/jnr/jnr-ffi/2.1.10/jnr-ffi-2.1.10.jar:/Users/mohamad.thahir/.m2/repository/com/github/jnr/jffi/1.2.19/jffi-1.2.19.jar:/Users/mohamad.thahir/.m2/repository/com/github/jnr/jffi/1.2.19/jffi-1.2.19-native.jar:/Users/mohamad.thahir/.m2/repository/org/ow2/asm/asm/7.1/asm-7.1.jar:/Users/mohamad.thahir/.m2/repository/org/ow2/asm/asm-commons/7.1/asm-commons-7.1.jar:/Users/mohamad.thahir/.m2/repository/org/ow2/asm/asm-analysis/7.1/asm-analysis-7.1.jar:/Users/mohamad.thahir/.m2/repository/org/ow2/asm/asm-tree/7.1/asm-tree-7.1.jar:/Users/mohamad.thahir/.m2/repository/org/ow2/asm/asm-util/7.1/asm-util-7.1.jar:/Users/mohamad.thahir/.m2/repository/com/github/jnr/jnr-a64asm/1.0.0/jnr-a64asm-1.0.0.jar:/Users/mohamad.thahir/.m2/repository/com/github/jnr/jnr-x86asm/1.0.2/jnr-x86asm-1.0.2.jar:/Users/mohamad.thahir/.m2/repository/com/github/jnr/jnr-constants/0.9.12/jnr-constants-0.9.12.jar:/Users/mohamad.thahir/.m2/repository/org/javatuples/javatuples/1.2/javatuples-1.2.jar:/Users/mohamad.thahir/.m2/repository/org/slf4j/slf4j-api/1.7.26/slf4j-api-1.7.26.jar:/Users/mohamad.thahir/.m2/repository/io/dropwizard/metrics/metrics-core/4.0.5/metrics-core-4.0.5.jar:/Users/mohamad.thahir/.m2/repository/org/hdrhistogram/HdrHistogram/2.1.11/HdrHistogram-2.1.11.jar:/Users/mohamad.thahir/.m2/repository/com/esri/geometry/esri-geometry-api/1.2.1/esri-geometry-api-1.2.1.jar:/Users/mohamad.thahir/.m2/repository/org/json/json/20090211/json-20090211.jar:/Users/mohamad.thahir/.m2/repository/org/codehaus/jackson/jackson-core-asl/1.9.12/jackson-core-asl-1.9.12.jar:/Users/mohamad.thahir/.m2/repository/org/apache/tinkerpop/gremlin-core/3.4.5/gremlin-core-3.4.5.jar:/Users/mohamad.thahir/.m2/repository/org/apache/tinkerpop/gremlin-shaded/3.4.5/gremlin-shaded-3.4.5.jar:/Users/mohamad.thahir/.m2/repository/commons-configuration/commons-configuration/1.10/commons-configuration-1.10.jar:/Users/mohamad.thahir/.m2/repository/commons-lang/commons-lang/2.6/commons-lang-2.6.jar:/Users/mohamad.thahir/.m2/repository/commons-collections/commons-collections/3.2.2/commons-collections-3.2.2.jar:/Users/mohamad.thahir/.m2/repository/org/apache/commons/commons-lang3/3.8.1/commons-lang3-3.8.1.jar:/Users/mohamad.thahir/.m2/repository/org/yaml/snakeyaml/1.15/snakeyaml-1.15.jar:/Users/mohamad.thahir/.m2/repository/com/carrotsearch/hppc/0.7.1/hppc-0.7.1.jar:/Users/mohamad.thahir/.m2/repository/com/jcabi/jcabi-manifests/1.1/jcabi-manifests-1.1.jar:/Users/mohamad.thahir/.m2/repository/com/jcabi/jcabi-log/0.14/jcabi-log-0.14.jar:/Users/mohamad.thahir/.m2/repository/com/squareup/javapoet/1.8.0/javapoet-1.8.0.jar:/Users/mohamad.thahir/.m2/repository/net/objecthunter/exp4j/0.4.8/exp4j-0.4.8.jar:/Users/mohamad.thahir/.m2/repository/org/slf4j/jcl-over-slf4j/1.7.25/jcl-over-slf4j-1.7.25.jar:/Users/mohamad.thahir/.m2/repository/org/apache/tinkerpop/tinkergraph-gremlin/3.4.5/tinkergraph-gremlin-3.4.5.jar:/Users/mohamad.thahir/.m2/repository/org/apache/tinkerpop/gremlin-driver/3.4.5/gremlin-driver-3.4.5.jar:/Users/mohamad.thahir/.m2/repository/org/codehaus/groovy/groovy/2.5.7/groovy-2.5.7-indy.jar:/Users/mohamad.thahir/.m2/repository/org/codehaus/groovy/groovy-json/2.5.7/groovy-json-2.5.7-indy.jar:/Users/mohamad.thahir/.m2/repository/com/fasterxml/jackson/core/jackson-core/2.10.0/jackson-core-2.10.0.jar:/Users/mohamad.thahir/.m2/repository/com/fasterxml/jackson/core/jackson-databind/2.10.0/jackson-databind-2.10.0.jar:/Users/mohamad.thahir/.m2/repository/com/fasterxml/jackson/core/jackson-annotations/2.10.0/jackson-annotations-2.10.0.jar:/Users/mohamad.thahir/.m2/repository/org/reactivestreams/reactive-streams/1.0.2/reactive-streams-1.0.2.jar:/Users/mohamad.thahir/.m2/repository/com/github/stephenc/jcip/jcip-annotations/1.0-1/jcip-annotations-1.0-1.jar:/Users/mohamad.thahir/.m2/repository/com/github/spotbugs/spotbugs-annotations/3.1.12/spotbugs-annotations-3.1.12.jar:/Users/mohamad.thahir/.m2/repository/com/google/code/findbugs/jsr305/3.0.2/jsr305-3.0.2.jar:"/>
    <property name="java.vm.vendor" value="Oracle Corporation"/>
    <property name="sun.arch.data.model" value="64"/>
    <property name="java.vendor.url" value="https://java.oracle.com/"/>
    <property name="os.name" value="Mac OS X"/>
    <property name="java.vm.specification.version" value="14"/>
    <property name="sun.java.launcher" value="SUN_STANDARD"/>
    <property name="user.country" value="US"/>
    <property name="sun.boot.library.path" value="/Library/Java/JavaVirtualMachines/jdk-14.0.1.jdk/Contents/Home/lib"/>
    <property name="sun.java.command" value="/Users/mohamad.thahir/WorkSoftware/DataStax/Astra/astra_full_demo/myApp/target/surefire/surefirebooter17270241349213241333.jar /Users/mohamad.thahir/WorkSoftware/DataStax/Astra/astra_full_demo/myApp/target/surefire 2020-07-08T23-15-48_481-jvmRun1 surefire4193367025784703754tmp surefire_015713513889549063182tmp"/>
    <property name="jdk.debug" value="release"/>
    <property name="surefire.test.class.path" value="/Users/mohamad.thahir/WorkSoftware/DataStax/Astra/astra_full_demo/myApp/target/test-classes:/Users/mohamad.thahir/WorkSoftware/DataStax/Astra/astra_full_demo/myApp/target/classes:/Users/mohamad.thahir/.m2/repository/junit/junit/4.11/junit-4.11.jar:/Users/mohamad.thahir/.m2/repository/org/hamcrest/hamcrest-core/1.3/hamcrest-core-1.3.jar:/Users/mohamad.thahir/.m2/repository/com/datastax/oss/java-driver-core/4.6.0/java-driver-core-4.6.0.jar:/Users/mohamad.thahir/.m2/repository/com/datastax/oss/native-protocol/1.4.10/native-protocol-1.4.10.jar:/Users/mohamad.thahir/.m2/repository/io/netty/netty-handler/4.1.45.Final/netty-handler-4.1.45.Final.jar:/Users/mohamad.thahir/.m2/repository/io/netty/netty-common/4.1.45.Final/netty-common-4.1.45.Final.jar:/Users/mohamad.thahir/.m2/repository/io/netty/netty-buffer/4.1.45.Final/netty-buffer-4.1.45.Final.jar:/Users/mohamad.thahir/.m2/repository/io/netty/netty-transport/4.1.45.Final/netty-transport-4.1.45.Final.jar:/Users/mohamad.thahir/.m2/repository/io/netty/netty-resolver/4.1.45.Final/netty-resolver-4.1.45.Final.jar:/Users/mohamad.thahir/.m2/repository/io/netty/netty-codec/4.1.45.Final/netty-codec-4.1.45.Final.jar:/Users/mohamad.thahir/.m2/repository/com/datastax/oss/java-driver-shaded-guava/25.1-jre/java-driver-shaded-guava-25.1-jre.jar:/Users/mohamad.thahir/.m2/repository/com/typesafe/config/1.3.4/config-1.3.4.jar:/Users/mohamad.thahir/.m2/repository/com/github/jnr/jnr-posix/3.0.50/jnr-posix-3.0.50.jar:/Users/mohamad.thahir/.m2/repository/com/github/jnr/jnr-ffi/2.1.10/jnr-ffi-2.1.10.jar:/Users/mohamad.thahir/.m2/repository/com/github/jnr/jffi/1.2.19/jffi-1.2.19.jar:/Users/mohamad.thahir/.m2/repository/com/github/jnr/jffi/1.2.19/jffi-1.2.19-native.jar:/Users/mohamad.thahir/.m2/repository/org/ow2/asm/asm/7.1/asm-7.1.jar:/Users/mohamad.thahir/.m2/repository/org/ow2/asm/asm-commons/7.1/asm-commons-7.1.jar:/Users/mohamad.thahir/.m2/repository/org/ow2/asm/asm-analysis/7.1/asm-analysis-7.1.jar:/Users/mohamad.thahir/.m2/repository/org/ow2/asm/asm-tree/7.1/asm-tree-7.1.jar:/Users/mohamad.thahir/.m2/repository/org/ow2/asm/asm-util/7.1/asm-util-7.1.jar:/Users/mohamad.thahir/.m2/repository/com/github/jnr/jnr-a64asm/1.0.0/jnr-a64asm-1.0.0.jar:/Users/mohamad.thahir/.m2/repository/com/github/jnr/jnr-x86asm/1.0.2/jnr-x86asm-1.0.2.jar:/Users/mohamad.thahir/.m2/repository/com/github/jnr/jnr-constants/0.9.12/jnr-constants-0.9.12.jar:/Users/mohamad.thahir/.m2/repository/org/javatuples/javatuples/1.2/javatuples-1.2.jar:/Users/mohamad.thahir/.m2/repository/org/slf4j/slf4j-api/1.7.26/slf4j-api-1.7.26.jar:/Users/mohamad.thahir/.m2/repository/io/dropwizard/metrics/metrics-core/4.0.5/metrics-core-4.0.5.jar:/Users/mohamad.thahir/.m2/repository/org/hdrhistogram/HdrHistogram/2.1.11/HdrHistogram-2.1.11.jar:/Users/mohamad.thahir/.m2/repository/com/esri/geometry/esri-geometry-api/1.2.1/esri-geometry-api-1.2.1.jar:/Users/mohamad.thahir/.m2/repository/org/json/json/20090211/json-20090211.jar:/Users/mohamad.thahir/.m2/repository/org/codehaus/jackson/jackson-core-asl/1.9.12/jackson-core-asl-1.9.12.jar:/Users/mohamad.thahir/.m2/repository/org/apache/tinkerpop/gremlin-core/3.4.5/gremlin-core-3.4.5.jar:/Users/mohamad.thahir/.m2/repository/org/apache/tinkerpop/gremlin-shaded/3.4.5/gremlin-shaded-3.4.5.jar:/Users/mohamad.thahir/.m2/repository/commons-configuration/commons-configuration/1.10/commons-configuration-1.10.jar:/Users/mohamad.thahir/.m2/repository/commons-lang/commons-lang/2.6/commons-lang-2.6.jar:/Users/mohamad.thahir/.m2/repository/commons-collections/commons-collections/3.2.2/commons-collections-3.2.2.jar:/Users/mohamad.thahir/.m2/repository/org/apache/commons/commons-lang3/3.8.1/commons-lang3-3.8.1.jar:/Users/mohamad.thahir/.m2/repository/org/yaml/snakeyaml/1.15/snakeyaml-1.15.jar:/Users/mohamad.thahir/.m2/repository/com/carrotsearch/hppc/0.7.1/hppc-0.7.1.jar:/Users/mohamad.thahir/.m2/repository/com/jcabi/jcabi-manifests/1.1/jcabi-manifests-1.1.jar:/Users/mohamad.thahir/.m2/repository/com/jcabi/jcabi-log/0.14/jcabi-log-0.14.jar:/Users/mohamad.thahir/.m2/repository/com/squareup/javapoet/1.8.0/javapoet-1.8.0.jar:/Users/mohamad.thahir/.m2/repository/net/objecthunter/exp4j/0.4.8/exp4j-0.4.8.jar:/Users/mohamad.thahir/.m2/repository/org/slf4j/jcl-over-slf4j/1.7.25/jcl-over-slf4j-1.7.25.jar:/Users/mohamad.thahir/.m2/repository/org/apache/tinkerpop/tinkergraph-gremlin/3.4.5/tinkergraph-gremlin-3.4.5.jar:/Users/mohamad.thahir/.m2/repository/org/apache/tinkerpop/gremlin-driver/3.4.5/gremlin-driver-3.4.5.jar:/Users/mohamad.thahir/.m2/repository/org/codehaus/groovy/groovy/2.5.7/groovy-2.5.7-indy.jar:/Users/mohamad.thahir/.m2/repository/org/codehaus/groovy/groovy-json/2.5.7/groovy-json-2.5.7-indy.jar:/Users/mohamad.thahir/.m2/repository/com/fasterxml/jackson/core/jackson-core/2.10.0/jackson-core-2.10.0.jar:/Users/mohamad.thahir/.m2/repository/com/fasterxml/jackson/core/jackson-databind/2.10.0/jackson-databind-2.10.0.jar:/Users/mohamad.thahir/.m2/repository/com/fasterxml/jackson/core/jackson-annotations/2.10.0/jackson-annotations-2.10.0.jar:/Users/mohamad.thahir/.m2/repository/org/reactivestreams/reactive-streams/1.0.2/reactive-streams-1.0.2.jar:/Users/mohamad.thahir/.m2/repository/com/github/stephenc/jcip/jcip-annotations/1.0-1/jcip-annotations-1.0-1.jar:/Users/mohamad.thahir/.m2/repository/com/github/spotbugs/spotbugs-annotations/3.1.12/spotbugs-annotations-3.1.12.jar:/Users/mohamad.thahir/.m2/repository/com/google/code/findbugs/jsr305/3.0.2/jsr305-3.0.2.jar:"/>
    <property name="sun.cpu.endian" value="little"/>
    <property name="user.home" value="/Users/mohamad.thahir"/>
    <property name="user.language" value="en"/>
    <property name="java.specification.vendor" value="Oracle Corporation"/>
    <property name="java.version.date" value="2020-04-14"/>
    <property name="java.home" value="/Library/Java/JavaVirtualMachines/jdk-14.0.1.jdk/Contents/Home"/>
    <property name="file.separator" value="/"/>
    <property name="basedir" value="/Users/mohamad.thahir/WorkSoftware/DataStax/Astra/astra_full_demo/myApp"/>
    <property name="java.vm.compressedOopsMode" value="Zero based"/>
    <property name="line.separator" value="&#10;"/>
    <property name="java.vm.specification.vendor" value="Oracle Corporation"/>
    <property name="java.specification.name" value="Java Platform API Specification"/>
    <property name="surefire.real.class.path" value="/Users/mohamad.thahir/WorkSoftware/DataStax/Astra/astra_full_demo/myApp/target/surefire/surefirebooter17270241349213241333.jar"/>
    <property name="sun.management.compiler" value="HotSpot 64-Bit Tiered Compilers"/>
    <property name="java.runtime.version" value="14.0.1+7"/>
    <property name="user.name" value="mohamad.thahir"/>
    <property name="path.separator" value=":"/>
    <property name="os.version" value="10.15.5"/>
    <property name="java.runtime.name" value="Java(TM) SE Runtime Environment"/>
    <property name="file.encoding" value="UTF-8"/>
    <property name="java.vm.name" value="Java HotSpot(TM) 64-Bit Server VM"/>
    <property name="localRepository" value="/Users/mohamad.thahir/.m2/repository"/>
    <property name="java.vendor.url.bug" value="https://bugreport.java.com/bugreport/"/>
    <property name="java.io.tmpdir" value="/var/folders/dt/2r7_l13d125_cxq8bcbxcfq80000gn/T/"/>
    <property name="java.version" value="14.0.1"/>
    <property name="user.dir" value="/Users/mohamad.thahir/WorkSoftware/DataStax/Astra/astra_full_demo/myApp"/>
    <property name="os.arch" value="x86_64"/>
    <property name="java.vm.specification.name" value="Java Virtual Machine Specification"/>
    <property name="java.library.path" value="/Users/mohamad.thahir/Library/Java/Extensions:/Library/Java/Extensions:/Network/Library/Java/Extensions:/System/Library/Java/Extensions:/usr/lib/java:."/>
    <property name="java.vm.info" value="mixed mode, sharing"/>
    <property name="java.vendor" value="Oracle Corporation"/>
    <property name="java.vm.version" value="14.0.1+7"/>
    <property name="sun.io.unicode.encoding" value="UnicodeBig"/>
    <property name="java.class.version" value="58.0"/>
  </properties>
  <testcase name="shouldAnswerWithTrue" classname="com.datastax.app.AppTest" time="0.002"/>
</testsuite>